0 info it worked if it ends with ok
1 verbose cli [ '/usr/bin/nodejs', '/usr/bin/npm', 'run', 'dev' ]
2 info using npm@3.5.2
3 info using node@v4.2.6
4 verbose run-script [ 'predev', 'dev', 'postdev' ]
5 info lifecycle template-apartments@1.0.0~predev: template-apartments@1.0.0
6 silly lifecycle template-apartments@1.0.0~predev: no script for predev, continuing
7 info lifecycle template-apartments@1.0.0~dev: template-apartments@1.0.0
8 verbose lifecycle template-apartments@1.0.0~dev: unsafe-perm in lifecycle true
9 verbose lifecycle template-apartments@1.0.0~dev: PATH: /usr/share/npm/bin/node-gyp-bin:/home/rafaelaesfp/Documentos/code/html/donos-do-amanha/node_modules/.bin:/home/rafaelaesfp/bin:/home/rafaelaesfp/.local/bin:/usr/local/sbin:/usr/local/bin:/usr/sbin:/usr/bin:/sbin:/bin:/usr/games:/usr/local/games:/snap/bin
10 verbose lifecycle template-apartments@1.0.0~dev: CWD: /home/rafaelaesfp/Documentos/code/html/donos-do-amanha
11 silly lifecycle template-apartments@1.0.0~dev: Args: [ '-c', 'gulp dev' ]
12 info lifecycle template-apartments@1.0.0~dev: Failed to exec dev script
13 verbose stack Error: template-apartments@1.0.0 dev: `gulp dev`
13 verbose stack spawn ENOENT
13 verbose stack     at ChildProcess.<anonymous> (/usr/share/npm/lib/utils/spawn.js:17:16)
13 verbose stack     at emitTwo (events.js:87:13)
13 verbose stack     at ChildProcess.emit (events.js:172:7)
13 verbose stack     at maybeClose (internal/child_process.js:821:16)
13 verbose stack     at Process.ChildProcess._handle.onexit (internal/child_process.js:211:5)
14 verbose pkgid template-apartments@1.0.0
15 verbose cwd /home/rafaelaesfp/Documentos/code/html/donos-do-amanha
16 error Linux 4.4.0-66-generic
17 error argv "/usr/bin/nodejs" "/usr/bin/npm" "run" "dev"
18 error node v4.2.6
19 error npm  v3.5.2
20 error file sh
21 error code ELIFECYCLE
22 error errno ENOENT
23 error syscall spawn
24 error template-apartments@1.0.0 dev: `gulp dev`
24 error spawn ENOENT
25 error Failed at the template-apartments@1.0.0 dev script 'gulp dev'.
25 error Make sure you have the latest version of node.js and npm installed.
25 error If you do, this is most likely a problem with the template-apartments package,
25 error not with npm itself.
25 error Tell the author that this fails on your system:
25 error     gulp dev
25 error You can get information on how to open an issue for this project with:
25 error     npm bugs template-apartments
25 error Or if that isn't available, you can get their info via:
25 error     npm owner ls template-apartments
25 error There is likely additional logging output above.
26 verbose exit [ 1, true ]
